2023-08-07 21:47:09 GTB Daylight Time:INFO:Program has started!
2023-08-07 21:47:10 GTB Daylight Time:INFO:Training model...
2023-08-07 21:48:02 GTB Daylight Time:INFO:Model is trained
2023-08-07 21:48:02 GTB Daylight Time:INFO:Test Mean Squared Error: 0.913580060005188
2023-08-07 21:48:02 GTB Daylight Time:INFO:Using tensorflow=2.12.1, onnx=1.14.0, tf2onnx=1.14.0/8f8d49
2023-08-07 21:48:02 GTB Daylight Time:INFO:Using opset <onnx, 13>
2023-08-07 21:48:03 GTB Daylight Time:INFO:Computed 0 values for constant folding
2023-08-07 21:48:03 GTB Daylight Time:INFO:Computed 0 values for constant folding
2023-08-07 21:48:03 GTB Daylight Time:INFO:Computed 1 values for constant folding
2023-08-07 21:48:03 GTB Daylight Time:INFO:folding node using tf type=StridedSlice, name=sequential/lstm/PartitionedCall/strided_slice
2023-08-07 21:48:03 GTB Daylight Time:INFO:Optimizing ONNX model
2023-08-07 21:48:03 GTB Daylight Time:INFO:After optimization: Cast -1 (3->2), Concat -1 (2->1), Const -20 (37->17), Expand -1 (2->1), Identity -2 (2->0), Squeeze -1 (3->2), Unsqueeze -5 (6->1)
2023-08-07 21:48:03 GTB Daylight Time:INFO:Program has ended!
2023-08-07 21:49:04 GTB Daylight Time:INFO:Program has started!
2023-08-07 21:49:05 GTB Daylight Time:INFO:Training model...
2023-08-07 21:49:57 GTB Daylight Time:INFO:Model is trained
2023-08-07 21:49:57 GTB Daylight Time:INFO:Test Mean Squared Error: 0.7039215564727783
2023-08-07 21:49:58 GTB Daylight Time:INFO:Using tensorflow=2.12.1, onnx=1.14.0, tf2onnx=1.14.0/8f8d49
2023-08-07 21:49:58 GTB Daylight Time:INFO:Using opset <onnx, 13>
2023-08-07 21:49:58 GTB Daylight Time:INFO:Computed 0 values for constant folding
2023-08-07 21:49:58 GTB Daylight Time:INFO:Computed 0 values for constant folding
2023-08-07 21:49:58 GTB Daylight Time:INFO:Computed 1 values for constant folding
2023-08-07 21:49:58 GTB Daylight Time:INFO:folding node using tf type=StridedSlice, name=sequential/lstm/PartitionedCall/strided_slice
2023-08-07 21:49:58 GTB Daylight Time:INFO:Optimizing ONNX model
2023-08-07 21:49:58 GTB Daylight Time:INFO:After optimization: Cast -1 (3->2), Concat -1 (2->1), Const -20 (37->17), Expand -1 (2->1), Identity -2 (2->0), Squeeze -1 (3->2), Unsqueeze -5 (6->1)
2023-08-07 21:49:58 GTB Daylight Time:INFO:Program has ended!
2023-08-07 21:50:56 GTB Daylight Time:INFO:Program has started!
2023-08-07 21:50:57 GTB Daylight Time:INFO:Training model...
2023-08-07 21:51:49 GTB Daylight Time:INFO:Model is trained
2023-08-07 21:51:49 GTB Daylight Time:INFO:Test Mean Squared Error: 1.0116106271743774
2023-08-07 21:51:50 GTB Daylight Time:INFO:Using tensorflow=2.12.1, onnx=1.14.0, tf2onnx=1.14.0/8f8d49
2023-08-07 21:51:50 GTB Daylight Time:INFO:Using opset <onnx, 13>
2023-08-07 21:51:50 GTB Daylight Time:INFO:Computed 0 values for constant folding
2023-08-07 21:51:50 GTB Daylight Time:INFO:Computed 0 values for constant folding
2023-08-07 21:51:50 GTB Daylight Time:INFO:Computed 1 values for constant folding
2023-08-07 21:51:50 GTB Daylight Time:INFO:folding node using tf type=StridedSlice, name=sequential/lstm/PartitionedCall/strided_slice
2023-08-07 21:51:50 GTB Daylight Time:INFO:Optimizing ONNX model
2023-08-07 21:51:50 GTB Daylight Time:INFO:After optimization: Cast -1 (3->2), Concat -1 (2->1), Const -20 (37->17), Expand -1 (2->1), Identity -2 (2->0), Squeeze -1 (3->2), Unsqueeze -5 (6->1)
2023-08-07 21:51:50 GTB Daylight Time:ERROR:name 'log' is not defined
2023-08-07 21:51:50 GTB Daylight Time:INFO:Program has ended!
2023-08-07 21:52:40 GTB Daylight Time:INFO:Program has started!
2023-08-07 21:52:41 GTB Daylight Time:INFO:Training model...
2023-08-07 21:53:32 GTB Daylight Time:INFO:Model is trained
2023-08-07 21:53:32 GTB Daylight Time:INFO:Test Mean Squared Error: 0.7889758348464966
2023-08-07 21:53:33 GTB Daylight Time:INFO:Using tensorflow=2.12.1, onnx=1.14.0, tf2onnx=1.14.0/8f8d49
2023-08-07 21:53:33 GTB Daylight Time:INFO:Using opset <onnx, 13>
2023-08-07 21:53:33 GTB Daylight Time:INFO:Computed 0 values for constant folding
2023-08-07 21:53:33 GTB Daylight Time:INFO:Computed 0 values for constant folding
2023-08-07 21:53:33 GTB Daylight Time:INFO:Computed 1 values for constant folding
2023-08-07 21:53:33 GTB Daylight Time:INFO:folding node using tf type=StridedSlice, name=sequential/lstm/PartitionedCall/strided_slice
2023-08-07 21:53:33 GTB Daylight Time:INFO:Optimizing ONNX model
2023-08-07 21:53:33 GTB Daylight Time:INFO:After optimization: Cast -1 (3->2), Concat -1 (2->1), Const -20 (37->17), Expand -1 (2->1), Identity -2 (2->0), Squeeze -1 (3->2), Unsqueeze -5 (6->1)
2023-08-07 21:53:33 GTB Daylight Time:INFO:Program has ended!
